<?xml version="1.0" encoding="UTF-8"?>
<testsuite name="com.example.controller.MyTodoControllerIntgTest" tests="1" skipped="0" failures="0" errors="0" timestamp="2024-06-10T21:38:01" hostname="Mds-MacBook-Pro" time="1.065">
  <properties/>
  <testcase name="addTodoTest()" classname="com.example.controller.MyTodoControllerIntgTest" time="1.065"/>
  <system-out><![CDATA[23:37:58.333 [Test worker] INFO org.springframework.test.context.support.AnnotationConfigContextLoaderUtils -- Could not detect default configuration classes for test class [com.example.controller.MyTodoControllerIntgTest]: MyTodoControllerIntgTest does not declare any static, non-private, non-final, nested classes annotated with @Configuration.
23:37:58.587 [Test worker] INFO org.springframework.boot.test.context.SpringBootTestContextBootstrapper -- Found @SpringBootConfiguration com.example.MyTodoApplication for test class com.example.controller.MyTodoControllerIntgTest
  .   ____          _            __ _ _
 /\\ / ___'_ __ _ _(_)_ __  __ _ \ \ \ \
( ( )\___ | '_ | '_| | '_ \/ _` | \ \ \ \
 \\/  ___)| |_)| | | | | || (_| |  ) ) ) )
  '  |____| .__|_| |_|_| |_\__, | / / / /
 =========|_|==============|___/=/_/_/_/

 :: Spring Boot ::                (v3.3.0)

2024-06-10T23:37:58.920+02:00  INFO 7721 --- [MyTodo] [    Test worker] c.e.controller.MyTodoControllerIntgTest  : Starting MyTodoControllerIntgTest using Java 17.0.11 with PID 7721 (started by moin in /Users/moin/projects/Kotlin/MyTodo)
2024-06-10T23:37:58.921+02:00  INFO 7721 --- [MyTodo] [    Test worker] c.e.controller.MyTodoControllerIntgTest  : The following 1 profile is active: "test"
2024-06-10T23:37:59.310+02:00  INFO 7721 --- [MyTodo] [    Test worker] .s.d.r.c.RepositoryConfigurationDelegate : Bootstrapping Spring Data JPA repositories in DEFAULT mode.
2024-06-10T23:37:59.398+02:00  INFO 7721 --- [MyTodo] [    Test worker] .s.d.r.c.RepositoryConfigurationDelegate : Finished Spring Data repository scanning in 84 ms. Found 1 JPA repository interface.
2024-06-10T23:37:59.740+02:00  INFO 7721 --- [MyTodo] [    Test worker] o.s.b.w.embedded.tomcat.TomcatWebServer  : Tomcat initialized with port 0 (http)
2024-06-10T23:37:59.749+02:00  INFO 7721 --- [MyTodo] [    Test worker] o.apache.catalina.core.StandardService   : Starting service [Tomcat]
2024-06-10T23:37:59.749+02:00  INFO 7721 --- [MyTodo] [    Test worker] o.apache.catalina.core.StandardEngine    : Starting Servlet engine: [Apache Tomcat/10.1.24]
2024-06-10T23:37:59.793+02:00  INFO 7721 --- [MyTodo] [    Test worker] o.a.c.c.C.[Tomcat].[localhost].[/]       : Initializing Spring embedded WebApplicationContext
2024-06-10T23:37:59.794+02:00  INFO 7721 --- [MyTodo] [    Test worker] w.s.c.ServletWebServerApplicationContext : Root WebApplicationContext: initialization completed in 863 ms
2024-06-10T23:37:59.818+02:00  INFO 7721 --- [MyTodo] [    Test worker] com.zaxxer.hikari.HikariDataSource       : HikariPool-1 - Starting...
2024-06-10T23:37:59.938+02:00  INFO 7721 --- [MyTodo] [    Test worker] com.zaxxer.hikari.pool.HikariPool        : HikariPool-1 - Added connection conn0: url=jdbc:h2:mem:testdb user=SA
2024-06-10T23:37:59.939+02:00  INFO 7721 --- [MyTodo] [    Test worker] com.zaxxer.hikari.HikariDataSource       : HikariPool-1 - Start completed.
2024-06-10T23:37:59.947+02:00  INFO 7721 --- [MyTodo] [    Test worker] o.s.b.a.h2.H2ConsoleAutoConfiguration    : H2 console available at '/h2-console'. Database available at 'jdbc:h2:mem:testdb'
2024-06-10T23:38:00.036+02:00  INFO 7721 --- [MyTodo] [    Test worker] o.hibernate.jpa.internal.util.LogHelper  : HHH000204: Processing PersistenceUnitInfo [name: default]
2024-06-10T23:38:00.072+02:00  INFO 7721 --- [MyTodo] [    Test worker] org.hibernate.Version                    : HHH000412: Hibernate ORM core version 6.5.2.Final
2024-06-10T23:38:00.096+02:00  INFO 7721 --- [MyTodo] [    Test worker] o.h.c.internal.RegionFactoryInitiator    : HHH000026: Second-level cache disabled
2024-06-10T23:38:00.272+02:00  INFO 7721 --- [MyTodo] [    Test worker] o.s.o.j.p.SpringPersistenceUnitInfo      : No LoadTimeWeaver setup: ignoring JPA class transformer
2024-06-10T23:38:00.297+02:00  WARN 7721 --- [MyTodo] [    Test worker] org.hibernate.orm.deprecation            : HHH90000025: H2Dialect does not need to be specified explicitly using 'hibernate.dialect' (remove the property setting and it will be selected by default)
2024-06-10T23:38:00.776+02:00  INFO 7721 --- [MyTodo] [    Test worker] o.h.e.t.j.p.i.JtaPlatformInitiator       : HHH000489: No JTA platform available (set 'hibernate.transaction.jta.platform' to enable JTA platform integration)
Hibernate: drop table if exists todos cascade 
Hibernate: drop sequence if exists todos_seq
Hibernate: create sequence todos_seq start with 1 increment by 50
Hibernate: create table todos (id integer not null, description varchar(255), title varchar(255), primary key (id))
2024-06-10T23:38:00.801+02:00  INFO 7721 --- [MyTodo] [    Test worker] j.LocalContainerEntityManagerFactoryBean : Initialized JPA EntityManagerFactory for persistence unit 'default'
2024-06-10T23:38:01.014+02:00  WARN 7721 --- [MyTodo] [    Test worker] JpaBaseConfiguration$JpaWebConfiguration : spring.jpa.open-in-view is enabled by default. Therefore, database queries may be performed during view rendering. Explicitly configure spring.jpa.open-in-view to disable this warning
2024-06-10T23:38:01.263+02:00  INFO 7721 --- [MyTodo] [    Test worker] o.s.b.w.embedded.tomcat.TomcatWebServer  : Tomcat started on port 56261 (http) with context path '/'
2024-06-10T23:38:01.271+02:00  INFO 7721 --- [MyTodo] [    Test worker] c.e.controller.MyTodoControllerIntgTest  : Started MyTodoControllerIntgTest in 2.548 seconds (process running for 3.574)
Hibernate: select mt1_0.id,mt1_0.description,mt1_0.title from todos mt1_0
Hibernate: select next value for todos_seq
Hibernate: select next value for todos_seq
Hibernate: insert into todos (description,title,id) values (?,?,?)
Hibernate: insert into todos (description,title,id) values (?,?,?)
2024-06-10T23:38:02.005+02:00 ERROR 7721 --- [MyTodo] [    Test worker] i.n.r.d.DnsServerAddressStreamProviders  : Unable to load io.netty.resolver.dns.macos.MacOSDnsServerAddressStreamProvider, fallback to system defaults. This may result in incorrect DNS resolutions on MacOS. Check whether you have a dependency on 'io.netty:netty-resolver-dns-native-macos'. Use DEBUG level to see the full stack: java.lang.UnsatisfiedLinkError: failed to load the required native library
2024-06-10T23:38:02.293+02:00  INFO 7721 --- [MyTodo] [o-auto-1-exec-1] o.a.c.c.C.[Tomcat].[localhost].[/]       : Initializing Spring DispatcherServlet 'dispatcherServlet'
2024-06-10T23:38:02.294+02:00  INFO 7721 --- [MyTodo] [o-auto-1-exec-1] o.s.web.servlet.DispatcherServlet        : Initializing Servlet 'dispatcherServlet'
2024-06-10T23:38:02.299+02:00  INFO 7721 --- [MyTodo] [o-auto-1-exec-1] o.s.web.servlet.DispatcherServlet        : Completed initialization in 5 ms
Hibernate: insert into todos (description,title,id) values (?,?,?)
]]></system-out>
  <system-err><![CDATA[]]></system-err>
</testsuite>
