<?xml version="1.0" encoding="UTF-8"?>
<testsuite name="com.example.controller.TodoControllerIntgTest" tests="1" skipped="0" failures="0" errors="0" timestamp="2024-06-18T20:57:20" hostname="Mds-MacBook-Pro" time="0.833">
  <properties/>
  <testcase name="deleteTodoTest()" classname="com.example.controller.TodoControllerIntgTest" time="0.833"/>
  <system-out><![CDATA[22:57:17.069 [Test worker] INFO org.springframework.test.context.support.AnnotationConfigContextLoaderUtils -- Could not detect default configuration classes for test class [com.example.controller.TodoControllerIntgTest]: TodoControllerIntgTest does not declare any static, non-private, non-final, nested classes annotated with @Configuration.
22:57:17.325 [Test worker] INFO org.springframework.boot.test.context.SpringBootTestContextBootstrapper -- Found @SpringBootConfiguration com.example.MyTodoApplication for test class com.example.controller.TodoControllerIntgTest
  .   ____          _            __ _ _
 /\\ / ___'_ __ _ _(_)_ __  __ _ \ \ \ \
( ( )\___ | '_ | '_| | '_ \/ _` | \ \ \ \
 \\/  ___)| |_)| | | | | || (_| |  ) ) ) )
  '  |____| .__|_| |_|_| |_\__, | / / / /
 =========|_|==============|___/=/_/_/_/

 :: Spring Boot ::                (v3.3.0)

2024-06-18T22:57:17.688+02:00  INFO 24914 --- [MyTodo] [    Test worker] c.e.controller.TodoControllerIntgTest    : Starting TodoControllerIntgTest using Java 17.0.11 with PID 24914 (started by moin in /Users/moin/projects/Kotlin/MyTodo)
2024-06-18T22:57:17.689+02:00  INFO 24914 --- [MyTodo] [    Test worker] c.e.controller.TodoControllerIntgTest    : The following 1 profile is active: "test"
2024-06-18T22:57:18.154+02:00  INFO 24914 --- [MyTodo] [    Test worker] .s.d.r.c.RepositoryConfigurationDelegate : Bootstrapping Spring Data JPA repositories in DEFAULT mode.
2024-06-18T22:57:18.259+02:00  INFO 24914 --- [MyTodo] [    Test worker] .s.d.r.c.RepositoryConfigurationDelegate : Finished Spring Data repository scanning in 99 ms. Found 1 JPA repository interface.
2024-06-18T22:57:18.636+02:00  INFO 24914 --- [MyTodo] [    Test worker] o.s.b.w.embedded.tomcat.TomcatWebServer  : Tomcat initialized with port 0 (http)
2024-06-18T22:57:18.645+02:00  INFO 24914 --- [MyTodo] [    Test worker] o.apache.catalina.core.StandardService   : Starting service [Tomcat]
2024-06-18T22:57:18.645+02:00  INFO 24914 --- [MyTodo] [    Test worker] o.apache.catalina.core.StandardEngine    : Starting Servlet engine: [Apache Tomcat/10.1.24]
2024-06-18T22:57:18.690+02:00  INFO 24914 --- [MyTodo] [    Test worker] o.a.c.c.C.[Tomcat].[localhost].[/]       : Initializing Spring embedded WebApplicationContext
2024-06-18T22:57:18.691+02:00  INFO 24914 --- [MyTodo] [    Test worker] w.s.c.ServletWebServerApplicationContext : Root WebApplicationContext: initialization completed in 991 ms
2024-06-18T22:57:18.714+02:00  INFO 24914 --- [MyTodo] [    Test worker] com.zaxxer.hikari.HikariDataSource       : HikariPool-1 - Starting...
2024-06-18T22:57:18.829+02:00  INFO 24914 --- [MyTodo] [    Test worker] com.zaxxer.hikari.pool.HikariPool        : HikariPool-1 - Added connection conn0: url=jdbc:h2:mem:testdb user=SA
2024-06-18T22:57:18.830+02:00  INFO 24914 --- [MyTodo] [    Test worker] com.zaxxer.hikari.HikariDataSource       : HikariPool-1 - Start completed.
2024-06-18T22:57:18.839+02:00  INFO 24914 --- [MyTodo] [    Test worker] o.s.b.a.h2.H2ConsoleAutoConfiguration    : H2 console available at '/h2-console'. Database available at 'jdbc:h2:mem:testdb'
2024-06-18T22:57:18.934+02:00  INFO 24914 --- [MyTodo] [    Test worker] o.hibernate.jpa.internal.util.LogHelper  : HHH000204: Processing PersistenceUnitInfo [name: default]
2024-06-18T22:57:18.973+02:00  INFO 24914 --- [MyTodo] [    Test worker] org.hibernate.Version                    : HHH000412: Hibernate ORM core version 6.5.2.Final
2024-06-18T22:57:18.998+02:00  INFO 24914 --- [MyTodo] [    Test worker] o.h.c.internal.RegionFactoryInitiator    : HHH000026: Second-level cache disabled
2024-06-18T22:57:19.198+02:00  INFO 24914 --- [MyTodo] [    Test worker] o.s.o.j.p.SpringPersistenceUnitInfo      : No LoadTimeWeaver setup: ignoring JPA class transformer
2024-06-18T22:57:19.233+02:00  WARN 24914 --- [MyTodo] [    Test worker] org.hibernate.orm.deprecation            : HHH90000025: H2Dialect does not need to be specified explicitly using 'hibernate.dialect' (remove the property setting and it will be selected by default)
2024-06-18T22:57:19.749+02:00  INFO 24914 --- [MyTodo] [    Test worker] o.h.e.t.j.p.i.JtaPlatformInitiator       : HHH000489: No JTA platform available (set 'hibernate.transaction.jta.platform' to enable JTA platform integration)
Hibernate: drop table if exists todos cascade 
Hibernate: drop sequence if exists todos_seq
Hibernate: create sequence todos_seq start with 1 increment by 50
Hibernate: create table todos (id integer not null, description varchar(255), title varchar(255), primary key (id))
2024-06-18T22:57:19.772+02:00  INFO 24914 --- [MyTodo] [    Test worker] j.LocalContainerEntityManagerFactoryBean : Initialized JPA EntityManagerFactory for persistence unit 'default'
2024-06-18T22:57:19.983+02:00  WARN 24914 --- [MyTodo] [    Test worker] JpaBaseConfiguration$JpaWebConfiguration : spring.jpa.open-in-view is enabled by default. Therefore, database queries may be performed during view rendering. Explicitly configure spring.jpa.open-in-view to disable this warning
2024-06-18T22:57:20.247+02:00  INFO 24914 --- [MyTodo] [    Test worker] o.s.b.w.embedded.tomcat.TomcatWebServer  : Tomcat started on port 51993 (http) with context path '/'
2024-06-18T22:57:20.254+02:00  INFO 24914 --- [MyTodo] [    Test worker] c.e.controller.TodoControllerIntgTest    : Started TodoControllerIntgTest in 2.783 seconds (process running for 3.877)
Hibernate: select t1_0.id,t1_0.description,t1_0.title from todos t1_0
Hibernate: select next value for todos_seq
Hibernate: select next value for todos_seq
Hibernate: insert into todos (description,title,id) values (?,?,?)
Hibernate: insert into todos (description,title,id) values (?,?,?)
Hibernate: insert into todos (description,title,id) values (?,?,?)
Hibernate: select t1_0.id,t1_0.description,t1_0.title from todos t1_0 where t1_0.id=?
Hibernate: update todos set description=?,title=? where id=?
2024-06-18T22:57:20.961+02:00 ERROR 24914 --- [MyTodo] [    Test worker] i.n.r.d.DnsServerAddressStreamProviders  : Unable to load io.netty.resolver.dns.macos.MacOSDnsServerAddressStreamProvider, fallback to system defaults. This may result in incorrect DNS resolutions on MacOS. Check whether you have a dependency on 'io.netty:netty-resolver-dns-native-macos'. Use DEBUG level to see the full stack: java.lang.UnsatisfiedLinkError: failed to load the required native library
2024-06-18T22:57:21.135+02:00  INFO 24914 --- [MyTodo] [o-auto-1-exec-1] o.a.c.c.C.[Tomcat].[localhost].[/]       : Initializing Spring DispatcherServlet 'dispatcherServlet'
2024-06-18T22:57:21.135+02:00  INFO 24914 --- [MyTodo] [o-auto-1-exec-1] o.s.web.servlet.DispatcherServlet        : Initializing Servlet 'dispatcherServlet'
2024-06-18T22:57:21.136+02:00  INFO 24914 --- [MyTodo] [o-auto-1-exec-1] o.s.web.servlet.DispatcherServlet        : Completed initialization in 1 ms
Hibernate: select t1_0.id,t1_0.description,t1_0.title from todos t1_0 where t1_0.id=?
Hibernate: delete from todos where id=?
]]></system-out>
  <system-err><![CDATA[]]></system-err>
</testsuite>
